<?xml version="1.0" encoding="UTF-8"?>
<!-- Generated by org.testng.reporters.JUnitXMLReporter -->
<testsuite hostname="DESKTOP-D8HNM4S" ignored="0" name="Test" tests="2" failures="1" timestamp="2020-11-10T20:19:30 IST" time="0.089" errors="0">
  <testcase name="method1" time="0.018" classname="tests.SoftAssertInTestNGWithAssertAll"/>
  <testcase name="method2" time="0.004" classname="tests.SoftAssertInTestNGWithAssertAll">
    <failure type="java.lang.AssertionError" message="The following asserts failed:
	expected [true] but found [false]">
      <![CDATA[java.lang.AssertionError: The following asserts failed:
expected [true] but found [false]
at tests.SoftAssertInTestNGWithAssertAll.method2(SoftAssertInTestNGWithAssertAll.java:30)
at java.util.ArrayList.forEach(ArrayList.java:1257)
... Removed 29 stack frames]]>
    </failure>
  </testcase> <!-- method2 -->
</testsuite> <!-- Test -->
