<?xml version="1.0" encoding="UTF-8"?>
<!-- Generated by org.testng.reporters.JUnitReportReporter -->
<testsuite skipped="0" hostname="DESKTOP-D8HNM4S" name="tests.TestNGCRUDViaParameters" tests="5" failures="0" timestamp="2020-11-09T15:02:21 IST" time="8.681" errors="1">
  <testcase name="getAllPosts" time="4.512" classname="tests.TestNGCRUDViaParameters"/>
  <system-out>
All posts resource working correctly  </system-out>
  <testcase name="getSpecificPost" time="2.170" classname="tests.TestNGCRUDViaParameters"/>
  <system-out>
Specific post resource working correctly  </system-out>
  <testcase name="createAPost" time="0.004" classname="tests.TestNGCRUDViaParameters">
    <error type="org.testng.TestNGException" message="
Parameter &#039;uid&#039; is required by @Test on method createAPost but has not been marked @Optional or defined
in C:\Users\gattu\AppData\Local\Temp\testng-eclipse-1745510182\testng-customsuite.xml">
      <![CDATA[org.testng.TestNGException: 
Parameter 'uid' is required by @Test on method createAPost but has not been marked @Optional or defined
in C:\Users\gattu\AppData\Local\Temp\testng-eclipse-1745510182\testng-customsuite.xml
at org.testng.internal.Parameters.createParams(Parameters.java:268)
at org.testng.internal.Parameters.createParametersForMethod(Parameters.java:356)
at org.testng.internal.Parameters.createParameters(Parameters.java:700)
at org.testng.internal.Parameters.handleParameters(Parameters.java:875)
at org.testng.internal.Parameters.handleParameters(Parameters.java:740)
at org.testng.internal.ParameterHandler.handleParameters(ParameterHandler.java:59)
at org.testng.internal.ParameterHandler.createParameters(ParameterHandler.java:38)
at org.testng.internal.TestInvoker$MethodInvocationAgent.invoke(TestInvoker.java:789)
at org.testng.internal.TestInvoker.invokeTestMethods(TestInvoker.java:147)
at org.testng.internal.TestMethodWorker.invokeTestMethods(TestMethodWorker.java:146)
at org.testng.internal.TestMethodWorker.run(TestMethodWorker.java:128)
at java.util.ArrayList.forEach(ArrayList.java:1257)
at org.testng.TestRunner.privateRun(TestRunner.java:764)
at org.testng.TestRunner.run(TestRunner.java:585)
at org.testng.SuiteRunner.runTest(SuiteRunner.java:384)
at org.testng.SuiteRunner.runSequentially(SuiteRunner.java:378)
at org.testng.SuiteRunner.privateRun(SuiteRunner.java:337)
at org.testng.SuiteRunner.run(SuiteRunner.java:286)
at org.testng.SuiteRunnerWorker.runSuite(SuiteRunnerWorker.java:53)
at org.testng.SuiteRunnerWorker.run(SuiteRunnerWorker.java:96)
at org.testng.TestNG.runSuitesSequentially(TestNG.java:1218)
at org.testng.TestNG.runSuitesLocally(TestNG.java:1140)
at org.testng.TestNG.runSuites(TestNG.java:1069)
at org.testng.TestNG.run(TestNG.java:1037)
at org.testng.remote.AbstractRemoteTestNG.run(AbstractRemoteTestNG.java:115)
at org.testng.remote.RemoteTestNG.initAndRun(RemoteTestNG.java:251)
at org.testng.remote.RemoteTestNG.main(RemoteTestNG.java:77)
]]>
    </error>
  </testcase> <!-- createAPost -->
  <system-out/>
  <testcase name="updateAPost" time="1.012" classname="tests.TestNGCRUDViaParameters"/>
  <system-out>
Post updated succesfully  </system-out>
  <testcase name="deleteAPost" time="0.983" classname="tests.TestNGCRUDViaParameters"/>
  <system-out>
Post deleted succesfully  </system-out>
</testsuite> <!-- tests.TestNGCRUDViaParameters -->
